2024-12-30 05:07:14 Loading main app package /opt/Obsidian/resources/obsidian.asar
2024-12-30 05:07:14 Checking for update using Github
2024-12-30 05:07:14 Success.
2024-12-30 05:07:14 Latest version is 1.7.7
2024-12-30 05:07:14 App is up to date.
2024-12-30 05:09:04 Loading main app package /opt/Obsidian/resources/obsidian.asar
2024-12-30 05:09:04 Checking for update using Github
2024-12-30 05:09:04 Success.
2024-12-30 05:09:04 Latest version is 1.7.7
2024-12-30 05:09:04 App is up to date.
2024-12-30 05:09:27 Loading main app package /opt/Obsidian/resources/obsidian.asar
2024-12-30 05:09:27 Checking for update using Github
2024-12-30 05:09:28 Success.
2024-12-30 05:09:28 Latest version is 1.7.7
2024-12-30 05:09:28 App is up to date.
2024-12-30 05:09:49 Loading main app package /opt/Obsidian/resources/obsidian.asar
2024-12-30 05:09:49 Checking for update using Github
2024-12-30 05:09:49 Success.
2024-12-30 05:09:49 Latest version is 1.7.7
2024-12-30 05:09:49 App is up to date.
2024-12-30 05:12:44 Loading main app package /opt/Obsidian/resources/obsidian.asar
2024-12-30 05:12:44 Checking for update using Github
2024-12-30 05:12:44 Success.
2024-12-30 05:12:44 Latest version is 1.7.7
2024-12-30 05:12:44 App is up to date.
2024-12-30 18:11:56 Loading main app package /opt/Obsidian/resources/obsidian.asar
2024-12-30 18:11:56 Checking for update using Github
2024-12-30 18:11:57 Success.
2024-12-30 18:11:57 Latest version is 1.7.7
2024-12-30 18:11:57 App is up to date.
2024-12-31 15:37:28 Loading main app package /opt/Obsidian/resources/obsidian.asar
2024-12-31 15:37:28 Checking for update using Github
2024-12-31 15:37:28 Success.
2024-12-31 15:37:28 Latest version is 1.7.7
2024-12-31 15:37:28 App is up to date.
2025-01-02 00:40:20 Loading main app package /opt/Obsidian/resources/obsidian.asar
2025-01-02 00:40:20 Checking for update using Github
2025-01-02 00:40:20 Success.
2025-01-02 00:40:20 Latest version is 1.7.7
2025-01-02 00:40:20 App is up to date.
